android-networking/build/intermediates/manifest_merge_blame_file/debug/manifest-merger-blame-debug-report.txt
1<?xml version="1.0" encoding="utf-8"?>
2<!--
3  ~    Copyright (C) 2016 Amit Shekhar
4  ~    Copyright (C) 2011 Android Open Source Project
5  ~
6  ~    Licensed under the Apache License, Version 2.0 (the "License");
7  ~    you may not use this file except in compliance with the License.
8  ~    You may obtain a copy of the License at
9  ~
10  ~        http://www.apache.org/licenses/LICENSE-2.0
11  ~
12  ~    Unless required by applicable law or agreed to in writing, software
13  ~    distributed under the License is distributed on an "AS IS" BASIS,
14  ~    WITHOUT WARRANTIES OR CONDITIONS OF ANY KIND, either express or implied.
15  ~    See the License for the specific language governing permissions and
16  ~    limitations under the License.
17-->
18<manifest xmlns:android="http://schemas.android.com/apk/res/android"
19    package="com.androidnetworking" >
20
21    <uses-sdk
22        android:minSdkVersion="28"
22-->src\main\AndroidManifest.xml
23        android:targetSdkVersion="32" />
23-->src\main\AndroidManifest.xml
24
25</manifest>